c:\users\lje64\desktop\명품c++프로그래밍실습문제\챕터 12\실습문제\x64\debug\vc143.pdb
c:\users\lje64\desktop\명품c++프로그래밍실습문제\챕터 12\실습문제\x64\debug\vc143.idb
c:\users\lje64\desktop\명품c++프로그래밍실습문제\챕터 12\실습문제\x64\debug\문제 1.obj
c:\users\lje64\desktop\명품c++프로그래밍실습문제\챕터 12\실습문제\x64\debug\메인.obj
c:\users\lje64\desktop\명품c++프로그래밍실습문제\챕터 12\실습문제\x64\debug\문제 2.obj
c:\users\lje64\desktop\명품c++프로그래밍실습문제\챕터 12\실습문제\x64\debug\문제 3.obj
c:\users\lje64\desktop\명품c++프로그래밍실습문제\챕터 12\실습문제\x64\debug\문제 4.obj
c:\users\lje64\desktop\명품c++프로그래밍실습문제\챕터 12\실습문제\x64\debug\문제 5.obj
c:\users\lje64\desktop\명품c++프로그래밍실습문제\챕터 12\실습문제\x64\debug\문제 6.obj
c:\users\lje64\desktop\명품c++프로그래밍실습문제\챕터 12\실습문제\x64\debug\문제 7.obj
c:\users\lje64\desktop\명품c++프로그래밍실습문제\챕터 12\실습문제\x64\debug\문제 8.obj
c:\users\lje64\desktop\명품c++프로그래밍실습문제\챕터 12\실습문제\x64\debug\문제 9.obj
c:\users\lje64\desktop\명품c++프로그래밍실습문제\챕터 12\실습문제\x64\debug\문제 10.obj
c:\users\lje64\desktop\명품c++프로그래밍실습문제\챕터 12\실습문제\x64\debug\문제 14.obj
c:\users\lje64\desktop\명품c++프로그래밍실습문제\챕터 12\x64\debug\실습문제.exe
c:\users\lje64\desktop\명품c++프로그래밍실습문제\챕터 12\실습문제\x64\debug\실습문제.ilk
c:\users\lje64\desktop\명품c++프로그래밍실습문제\챕터 12\x64\debug\실습문제.pdb
c:\users\lje64\desktop\명품c++프로그래밍실습문제\챕터 12\실습문제\x64\debug\실습문제.tlog\cl.command.1.tlog
c:\users\lje64\desktop\명품c++프로그래밍실습문제\챕터 12\실습문제\x64\debug\실습문제.tlog\cl.read.1.tlog
c:\users\lje64\desktop\명품c++프로그래밍실습문제\챕터 12\실습문제\x64\debug\실습문제.tlog\cl.write.1.tlog
c:\users\lje64\desktop\명품c++프로그래밍실습문제\챕터 12\실습문제\x64\debug\실습문제.tlog\link.command.1.tlog
c:\users\lje64\desktop\명품c++프로그래밍실습문제\챕터 12\실습문제\x64\debug\실습문제.tlog\link.read.1.tlog
c:\users\lje64\desktop\명품c++프로그래밍실습문제\챕터 12\실습문제\x64\debug\실습문제.tlog\link.write.1.tlog
